<?xml version="1.0" encoding="UTF-8"?>
<testsuite name="PangramsTest" tests="11" skipped="0" failures="0" errors="0" timestamp="2017-02-28T17:17:37" hostname="Iago" time="0.011">
  <properties/>
  <testcase name="panagramInAlphabetOtherThanAsciiIsNotRecognizedAsPangram" classname="PangramsTest" time="0.005"/>
  <testcase name="pangramWithMixedCaseAndPunctuationIsRecognizedAsPangram" classname="PangramsTest" time="0.001"/>
  <testcase name="pangramWithNumbersIsRecognizedAsPangram" classname="PangramsTest" time="0.0"/>
  <testcase name="phraseMissingCharacterXIsNotPangram" classname="PangramsTest" time="0.0"/>
  <testcase name="pangramWithNonAsciiCharactersIsRecognizedAsPangram" classname="PangramsTest" time="0.001"/>
  <testcase name="pangramWithUnderscoresIsRecognizedAsPangram" classname="PangramsTest" time="0.0"/>
  <testcase name="upperAndLowerCaseVersionsOfTheSameCharacterShouldNotBeCountedSeparately" classname="PangramsTest" time="0.0"/>
  <testcase name="pangramWithOnlyLowerCaseLettersIsRecognizedAsPangram" classname="PangramsTest" time="0.0"/>
  <testcase name="phraseWithMissingLettersReplacedByNumbersIsNotPangram" classname="PangramsTest" time="0.0"/>
  <testcase name="anotherPhraseMissingCharacterXIsNotPangram" classname="PangramsTest" time="0.0"/>
  <testcase name="emptySentenceIsNotPangram" classname="PangramsTest" time="0.0"/>
  <system-out><![CDATA[]]></system-out>
  <system-err><![CDATA[]]></system-err>
</testsuite>
