<?xml version="1.0" encoding="UTF-8"?>
<testsuite name="HammingTest" tests="9" skipped="0" failures="0" errors="0" timestamp="2017-03-01T03:13:29" hostname="Iago" time="0.011">
  <properties/>
  <testcase name="testValidatesOtherStrandNotLonger" classname="HammingTest" time="0.007"/>
  <testcase name="testHammingDistanceForSmallStrand" classname="HammingTest" time="0.001"/>
  <testcase name="testSmallHammingDistanceInLongerStrand" classname="HammingTest" time="0.001"/>
  <testcase name="testLargeHammingDistance" classname="HammingTest" time="0.0"/>
  <testcase name="testHammingDistanceForSingleNucleotideStrand" classname="HammingTest" time="0.0"/>
  <testcase name="testNoDifferenceBetweenIdenticalStrands" classname="HammingTest" time="0.0"/>
  <testcase name="testHammingDistanceInVeryLongStrand" classname="HammingTest" time="0.0"/>
  <testcase name="testValidatesFirstStrandNotLonger" classname="HammingTest" time="0.001"/>
  <testcase name="testSmallHammingDistance" classname="HammingTest" time="0.0"/>
  <system-out><![CDATA[]]></system-out>
  <system-err><![CDATA[]]></system-err>
</testsuite>
